<?xml version="1.0" encoding="UTF-8"?>
<!-- Generated by org.testng.reporters.JUnitReportReporter -->
<testsuite hostname="Deepas-MBP" failures="0" tests="1" name="AndroidBrowser.firefox" time="0.000" errors="0" timestamp="13 Apr 2018 15:50:51 GMT" skipped="1">
  <testcase classname="AndroidBrowser.firefox" name="startup" time="0.000">
    <skipped/>
  </testcase> <!-- startup -->
</testsuite> <!-- AndroidBrowser.firefox -->
